<?xml version="1.0" encoding="UTF-8"?>
<testng-results ignored="0" total="1" passed="1" failed="0" skipped="0">
  <reporter-output>
  </reporter-output>
  <suite started-at="2025-08-10T12:51:50 IST" name="Master  Automation" finished-at="2025-08-10T12:52:26 IST" duration-ms="36277">
    <groups>
    </groups>
    <test started-at="2025-08-10T12:51:50 IST" name="Master Test " finished-at="2025-08-10T12:52:26 IST" duration-ms="36277">
      <class name="mavenTest.NaukriWebpage">
        <test-method signature="driverSetup()[pri:0, instance:mavenTest.NaukriWebpage@708f5957]" started-at="2025-08-10T12:51:50 IST" name="driverSetup" finished-at="2025-08-10T12:52:26 IST" duration-ms="36215" status="PASS">
          <reporter-output>
          </reporter-output>
        </test-method> <!-- driverSetup -->
      </class> <!-- mavenTest.NaukriWebpage -->
    </test> <!-- Master Test  -->
  </suite> <!-- Master  Automation -->
</testng-results>
